[16:18:26] [main.cpp:80] [INFO]:  Beginning initialization of 'Assignment 3: They said WHAT?!'
[16:18:27] [main.cpp:86] [INFO]:  Window successfully created!
[16:18:27] [main.cpp:94] [INFO]:  Loaded OpenGL (GLAD) 4.6
[16:18:27] [main.cpp:122] [INFO]:  Callbacks installed!
[16:18:27] [main.cpp:29] [TRACE]: Window Resized (width: 800, height: 800)!
[16:18:27] [main.cpp:133] [INFO]:  GL setup complete!
[16:18:27] [main.cpp:142] [INFO]:  Resource initialization complete!
[16:18:27] [main.cpp:29] [TRACE]: Window Resized (width: 1916, height: 1037)!
[16:18:27] [render.h:188] [TRACE]: Particles Spawning: 2.400000
[16:18:27] [render.h:188] [TRACE]: Particles Spawning: 252031126089.871460
[16:18:27] [render.h:188] [TRACE]: Particles Spawning: 0.526612
[16:18:27] [render.h:188] [TRACE]: Particles Spawning: 0.792578
[16:18:27] [render.h:188] [TRACE]: Particles Spawning: 0.758925
[16:18:27] [render.h:188] [TRACE]: Particles Spawning: 1.140338
[16:18:27] [render.h:188] [TRACE]: Particles Spawning: 1.648119
[16:18:27] [render.h:188] [TRACE]: Particles Spawning: 2.115632
[16:18:27] [render.h:188] [TRACE]: Particles Spawning: 2.586813
[16:18:27] [render.h:188] [TRACE]: Particles Spawning: 2.532729
[16:18:27] [render.h:188] [TRACE]: Particles Spawning: 2.453160
[16:18:27] [render.h:188] [TRACE]: Particles Spawning: 2.502504
[16:18:27] [render.h:188] [TRACE]: Particles Spawning: 2.527364
[16:18:27] [render.h:188] [TRACE]: Particles Spawning: 2.513913
[16:18:27] [render.h:188] [TRACE]: Particles Spawning: 2.322283
[16:18:27] [render.h:188] [TRACE]: Particles Spawning: 2.503115
[16:18:27] [render.h:188] [TRACE]: Particles Spawning: 2.470172
[16:18:27] [render.h:188] [TRACE]: Particles Spawning: 2.498344
[16:18:27] [render.h:188] [TRACE]: Particles Spawning: 2.553576
[16:18:27] [render.h:188] [TRACE]: Particles Spawning: 2.572943
[16:18:27] [render.h:188] [TRACE]: Particles Spawning: 2.507446
[16:18:27] [render.h:188] [TRACE]: Particles Spawning: 2.446819
[16:18:27] [render.h:188] [TRACE]: Particles Spawning: 2.474876
[16:18:27] [render.h:188] [TRACE]: Particles Spawning: 3.920583
[16:18:27] [render.h:188] [TRACE]: Particles Spawning: 2.166573
[16:18:27] [render.h:188] [TRACE]: Particles Spawning: 2.624340
[16:18:27] [render.h:188] [TRACE]: Particles Spawning: 2.159838
[16:18:27] [render.h:188] [TRACE]: Particles Spawning: 2.920940
[16:18:27] [render.h:188] [TRACE]: Particles Spawning: 3.253462
[16:18:27] [render.h:188] [TRACE]: Particles Spawning: 2.416106
[16:18:27] [render.h:188] [TRACE]: Particles Spawning: 2.436761
[16:18:27] [render.h:188] [TRACE]: Particles Spawning: 2.675200
[16:18:27] [render.h:188] [TRACE]: Particles Spawning: 1.707431
[16:18:27] [render.h:188] [TRACE]: Particles Spawning: 2.671273
[16:18:27] [render.h:188] [TRACE]: Particles Spawning: 2.907137
[16:18:27] [render.h:188] [TRACE]: Particles Spawning: 1.730947
[16:18:27] [render.h:188] [TRACE]: Particles Spawning: 2.719365
[16:18:27] [render.h:188] [TRACE]: Particles Spawning: 2.049066
[16:18:27] [render.h:188] [TRACE]: Particles Spawning: 2.357049
[16:18:27] [render.h:188] [TRACE]: Particles Spawning: 2.495000
[16:18:27] [render.h:188] [TRACE]: Particles Spawning: 3.131173
[16:18:27] [render.h:188] [TRACE]: Particles Spawning: 1.832425
[16:18:27] [render.h:188] [TRACE]: Particles Spawning: 3.319266
[16:18:27] [render.h:188] [TRACE]: Particles Spawning: 2.578794
[16:18:27] [render.h:188] [TRACE]: Particles Spawning: 1.727531
[16:18:27] [render.h:188] [TRACE]: Particles Spawning: 1.993179
[16:18:27] [render.h:188] [TRACE]: Particles Spawning: 2.493162
[16:18:27] [render.h:188] [TRACE]: Particles Spawning: 2.477174
[16:18:28] [render.h:188] [TRACE]: Particles Spawning: 2.554738
[16:18:28] [render.h:188] [TRACE]: Particles Spawning: 2.424815
[16:18:28] [render.h:188] [TRACE]: Particles Spawning: 2.359611
[16:18:28] [render.h:188] [TRACE]: Particles Spawning: 3.001120
[16:18:28] [render.h:188] [TRACE]: Particles Spawning: 2.108452
[16:18:28] [render.h:188] [TRACE]: Particles Spawning: 2.437605
[16:18:28] [render.h:188] [TRACE]: Particles Spawning: 2.478457
[16:18:28] [render.h:188] [TRACE]: Particles Spawning: 2.746615
[16:18:28] [render.h:188] [TRACE]: Particles Spawning: 3.160716
[16:18:28] [render.h:188] [TRACE]: Particles Spawning: 4.701740
[16:18:28] [render.h:188] [TRACE]: Particles Spawning: 2.247796
[16:18:28] [render.h:188] [TRACE]: Particles Spawning: 0.536390
[16:18:28] [render.h:188] [TRACE]: Particles Spawning: 1.843938
[16:18:28] [render.h:188] [TRACE]: Particles Spawning: 2.454996
[16:18:28] [render.h:188] [TRACE]: Particles Spawning: 2.320521
[16:18:28] [render.h:188] [TRACE]: Particles Spawning: 3.821061
[16:18:28] [render.h:188] [TRACE]: Particles Spawning: 1.505596
[16:18:28] [render.h:188] [TRACE]: Particles Spawning: 2.146043
[16:18:28] [render.h:188] [TRACE]: Particles Spawning: 2.522178
[16:18:28] [render.h:188] [TRACE]: Particles Spawning: 2.766036
[16:18:28] [render.h:188] [TRACE]: Particles Spawning: 2.377527
[16:18:28] [render.h:188] [TRACE]: Particles Spawning: 2.530996
[16:18:28] [render.h:188] [TRACE]: Particles Spawning: 2.470763
[16:18:28] [render.h:188] [TRACE]: Particles Spawning: 2.506976
[16:18:28] [render.h:188] [TRACE]: Particles Spawning: 2.437518
[16:18:28] [render.h:188] [TRACE]: Particles Spawning: 2.340408
[16:18:28] [render.h:188] [TRACE]: Particles Spawning: 2.560358
[16:18:28] [render.h:188] [TRACE]: Particles Spawning: 2.581359
[16:18:28] [render.h:188] [TRACE]: Particles Spawning: 2.621246
[16:18:28] [render.h:188] [TRACE]: Particles Spawning: 2.838726
[16:18:28] [render.h:188] [TRACE]: Particles Spawning: 2.863663
[16:18:28] [render.h:188] [TRACE]: Particles Spawning: 2.303524
[16:18:28] [render.h:188] [TRACE]: Particles Spawning: 2.547612
[16:18:28] [render.h:188] [TRACE]: Particles Spawning: 2.496495
[16:18:28] [render.h:188] [TRACE]: Particles Spawning: 2.299645
[16:18:28] [render.h:188] [TRACE]: Particles Spawning: 2.494654
[16:18:28] [render.h:188] [TRACE]: Particles Spawning: 2.237753
[16:18:28] [render.h:188] [TRACE]: Particles Spawning: 2.624012
[16:18:28] [render.h:188] [TRACE]: Particles Spawning: 2.456738
[16:18:28] [render.h:188] [TRACE]: Particles Spawning: 3.033158
[16:18:28] [render.h:188] [TRACE]: Particles Spawning: 1.984117
[16:18:28] [render.h:188] [TRACE]: Particles Spawning: 2.392262
[16:18:28] [render.h:188] [TRACE]: Particles Spawning: 2.607398
[16:18:28] [render.h:188] [TRACE]: Particles Spawning: 2.532416
[16:18:28] [render.h:188] [TRACE]: Particles Spawning: 2.665638
[16:18:28] [render.h:188] [TRACE]: Particles Spawning: 2.554822
[16:18:28] [render.h:188] [TRACE]: Particles Spawning: 2.208918
[16:18:28] [render.h:188] [TRACE]: Particles Spawning: 2.412294
[16:18:28] [render.h:188] [TRACE]: Particles Spawning: 2.360124
[16:18:28] [render.h:188] [TRACE]: Particles Spawning: 2.379384
[16:18:28] [render.h:188] [TRACE]: Particles Spawning: 2.451143
[16:18:28] [render.h:188] [TRACE]: Particles Spawning: 2.499414
[16:18:28] [render.h:188] [TRACE]: Particles Spawning: 2.733543
[16:18:28] [render.h:188] [TRACE]: Particles Spawning: 2.280973
[16:18:28] [render.h:188] [TRACE]: Particles Spawning: 2.697796
[16:18:28] [render.h:188] [TRACE]: Particles Spawning: 2.353637
[16:18:28] [render.h:188] [TRACE]: Particles Spawning: 2.579261
[16:18:28] [render.h:188] [TRACE]: Particles Spawning: 2.398475
[16:18:28] [render.h:188] [TRACE]: Particles Spawning: 2.838719
[16:18:28] [render.h:188] [TRACE]: Particles Spawning: 2.194661
[16:18:29] [render.h:188] [TRACE]: Particles Spawning: 2.589517
[16:18:29] [render.h:188] [TRACE]: Particles Spawning: 2.357450
[16:18:29] [render.h:188] [TRACE]: Particles Spawning: 2.480541
[16:18:29] [render.h:188] [TRACE]: Particles Spawning: 2.497756
[16:18:29] [render.h:188] [TRACE]: Particles Spawning: 2.639043
[16:18:29] [render.h:188] [TRACE]: Particles Spawning: 2.461305
[16:18:29] [render.h:188] [TRACE]: Particles Spawning: 2.412303
[16:18:29] [render.h:188] [TRACE]: Particles Spawning: 2.687852
[16:18:29] [render.h:188] [TRACE]: Particles Spawning: 2.482290
[16:18:29] [render.h:188] [TRACE]: Particles Spawning: 2.561514
[16:18:29] [render.h:188] [TRACE]: Particles Spawning: 2.507719
[16:18:29] [render.h:188] [TRACE]: Particles Spawning: 2.328613
[16:18:29] [render.h:188] [TRACE]: Particles Spawning: 2.543912
[16:18:29] [render.h:188] [TRACE]: Particles Spawning: 2.422214
[16:18:29] [render.h:188] [TRACE]: Particles Spawning: 2.528194
[16:18:29] [render.h:188] [TRACE]: Particles Spawning: 2.709666
[16:18:29] [render.h:188] [TRACE]: Particles Spawning: 2.600026
[16:18:29] [render.h:188] [TRACE]: Particles Spawning: 2.412570
[16:18:29] [render.h:188] [TRACE]: Particles Spawning: 2.557706
[16:18:29] [render.h:188] [TRACE]: Particles Spawning: 2.474197
[16:18:29] [render.h:188] [TRACE]: Particles Spawning: 2.858470
[16:18:29] [render.h:188] [TRACE]: Particles Spawning: 2.701905
[16:18:29] [render.h:188] [TRACE]: Particles Spawning: 2.164430
[16:18:29] [render.h:188] [TRACE]: Particles Spawning: 2.289556
[16:18:29] [render.h:188] [TRACE]: Particles Spawning: 3.295727
[16:18:29] [render.h:188] [TRACE]: Particles Spawning: 1.725191
[16:18:29] [render.h:188] [TRACE]: Particles Spawning: 2.417758
[16:18:29] [render.h:188] [TRACE]: Particles Spawning: 2.554031
[16:18:29] [render.h:188] [TRACE]: Particles Spawning: 2.433160
[16:18:29] [render.h:188] [TRACE]: Particles Spawning: 2.695109
[16:18:29] [render.h:188] [TRACE]: Particles Spawning: 2.408377
[16:18:29] [render.h:188] [TRACE]: Particles Spawning: 2.792069
[16:18:29] [render.h:188] [TRACE]: Particles Spawning: 2.898725
[16:18:29] [render.h:188] [TRACE]: Particles Spawning: 2.336514
[16:18:29] [render.h:188] [TRACE]: Particles Spawning: 2.539153
[16:18:29] [render.h:188] [TRACE]: Particles Spawning: 2.151744
[16:18:29] [render.h:188] [TRACE]: Particles Spawning: 3.051598
[16:18:29] [render.h:188] [TRACE]: Particles Spawning: 2.337843
[16:18:29] [render.h:188] [TRACE]: Particles Spawning: 1.802014
[16:18:29] [render.h:188] [TRACE]: Particles Spawning: 2.556144
[16:18:29] [render.h:188] [TRACE]: Particles Spawning: 2.535115
[16:18:29] [render.h:188] [TRACE]: Particles Spawning: 2.417679
[16:18:29] [render.h:188] [TRACE]: Particles Spawning: 2.567292
[16:18:29] [render.h:188] [TRACE]: Particles Spawning: 2.608986
[16:18:29] [render.h:188] [TRACE]: Particles Spawning: 3.471470
[16:18:29] [render.h:188] [TRACE]: Particles Spawning: 1.441769
[16:18:29] [render.h:188] [TRACE]: Particles Spawning: 2.154676
[16:18:29] [render.h:188] [TRACE]: Particles Spawning: 2.554724
[16:18:29] [render.h:188] [TRACE]: Particles Spawning: 2.757895
[16:18:29] [render.h:188] [TRACE]: Particles Spawning: 2.500043
[16:18:29] [render.h:188] [TRACE]: Particles Spawning: 2.315644
[16:18:29] [render.h:188] [TRACE]: Particles Spawning: 2.477190
[16:18:29] [render.h:188] [TRACE]: Particles Spawning: 2.589338
[16:18:29] [render.h:188] [TRACE]: Particles Spawning: 2.613501
[16:18:29] [render.h:188] [TRACE]: Particles Spawning: 2.338584
[16:18:29] [render.h:188] [TRACE]: Particles Spawning: 2.425532
[16:18:29] [render.h:188] [TRACE]: Particles Spawning: 2.448181
[16:18:29] [render.h:188] [TRACE]: Particles Spawning: 2.593681
[16:18:29] [render.h:188] [TRACE]: Particles Spawning: 2.422754
[16:18:29] [render.h:188] [TRACE]: Particles Spawning: 2.583433
[16:18:30] [render.h:188] [TRACE]: Particles Spawning: 2.525719
[16:18:30] [render.h:188] [TRACE]: Particles Spawning: 2.489885
[16:18:30] [render.h:188] [TRACE]: Particles Spawning: 2.513652
[16:18:30] [render.h:188] [TRACE]: Particles Spawning: 2.421602
[16:18:30] [render.h:188] [TRACE]: Particles Spawning: 2.646333
[16:18:30] [render.h:188] [TRACE]: Particles Spawning: 2.515629
[16:18:30] [render.h:188] [TRACE]: Particles Spawning: 2.600796
[16:18:30] [render.h:188] [TRACE]: Particles Spawning: 2.985837
[16:18:30] [render.h:188] [TRACE]: Particles Spawning: 1.973801
[16:18:30] [render.h:188] [TRACE]: Particles Spawning: 2.544089
[16:18:30] [render.h:188] [TRACE]: Particles Spawning: 2.565312
[16:18:30] [render.h:188] [TRACE]: Particles Spawning: 3.468774
[16:18:30] [render.h:188] [TRACE]: Particles Spawning: 3.860579
[16:18:30] [render.h:188] [TRACE]: Particles Spawning: 1.927961
[16:18:30] [render.h:188] [TRACE]: Particles Spawning: 1.188038
[16:18:30] [render.h:188] [TRACE]: Particles Spawning: 2.535227
[16:18:30] [render.h:188] [TRACE]: Particles Spawning: 2.304334
[16:18:30] [render.h:188] [TRACE]: Particles Spawning: 2.231916
[16:18:30] [render.h:188] [TRACE]: Particles Spawning: 2.443491
[16:18:30] [render.h:188] [TRACE]: Particles Spawning: 2.483518
[16:18:30] [render.h:188] [TRACE]: Particles Spawning: 2.474227
[16:18:30] [render.h:188] [TRACE]: Particles Spawning: 2.635194
[16:18:30] [render.h:188] [TRACE]: Particles Spawning: 2.406431
[16:18:30] [render.h:188] [TRACE]: Particles Spawning: 2.605381
[16:18:30] [render.h:188] [TRACE]: Particles Spawning: 2.439901
[16:18:30] [render.h:188] [TRACE]: Particles Spawning: 3.092275
[16:18:30] [render.h:188] [TRACE]: Particles Spawning: 1.931709
[16:18:30] [render.h:188] [TRACE]: Particles Spawning: 3.042309
[16:18:30] [render.h:188] [TRACE]: Particles Spawning: 2.692082
[16:18:30] [render.h:188] [TRACE]: Particles Spawning: 2.025042
[16:18:30] [render.h:188] [TRACE]: Particles Spawning: 2.286728
[16:18:30] [render.h:188] [TRACE]: Particles Spawning: 2.380094
[16:18:30] [render.h:188] [TRACE]: Particles Spawning: 2.517357
[16:18:30] [render.h:188] [TRACE]: Particles Spawning: 2.537864
[16:18:30] [render.h:188] [TRACE]: Particles Spawning: 2.454649
[16:18:30] [render.h:188] [TRACE]: Particles Spawning: 2.541123
[16:18:30] [render.h:188] [TRACE]: Particles Spawning: 2.536348
[16:18:30] [render.h:188] [TRACE]: Particles Spawning: 2.913559
[16:18:30] [render.h:188] [TRACE]: Particles Spawning: 2.587921
[16:18:30] [render.h:188] [TRACE]: Particles Spawning: 2.063958
[16:18:30] [render.h:188] [TRACE]: Particles Spawning: 3.065167
[16:18:30] [render.h:188] [TRACE]: Particles Spawning: 2.173084
[16:18:30] [render.h:188] [TRACE]: Particles Spawning: 2.201554
[16:18:30] [render.h:188] [TRACE]: Particles Spawning: 2.518638
[16:18:30] [render.h:188] [TRACE]: Particles Spawning: 2.398852
[16:18:30] [render.h:188] [TRACE]: Particles Spawning: 2.649891
[16:18:30] [render.h:188] [TRACE]: Particles Spawning: 2.349020
[16:18:30] [render.h:188] [TRACE]: Particles Spawning: 2.563164
[16:18:30] [render.h:188] [TRACE]: Particles Spawning: 2.774003
[16:18:30] [render.h:188] [TRACE]: Particles Spawning: 2.920531
[16:18:30] [render.h:188] [TRACE]: Particles Spawning: 2.389678
[16:18:30] [render.h:188] [TRACE]: Particles Spawning: 2.494557
[16:18:30] [render.h:188] [TRACE]: Particles Spawning: 2.287539
[16:18:30] [render.h:188] [TRACE]: Particles Spawning: 2.972047
[16:18:30] [render.h:188] [TRACE]: Particles Spawning: 2.404264
[16:18:30] [render.h:188] [TRACE]: Particles Spawning: 2.722346
[16:18:30] [render.h:188] [TRACE]: Particles Spawning: 1.977961
[16:18:30] [render.h:188] [TRACE]: Particles Spawning: 2.562594
[16:18:30] [render.h:188] [TRACE]: Particles Spawning: 2.717662
[16:18:30] [render.h:188] [TRACE]: Particles Spawning: 1.965515
[16:18:31] [render.h:188] [TRACE]: Particles Spawning: 2.370170
[16:18:31] [render.h:188] [TRACE]: Particles Spawning: 2.574897
[16:18:31] [render.h:188] [TRACE]: Particles Spawning: 2.518360
[16:18:31] [render.h:188] [TRACE]: Particles Spawning: 2.260869
[16:18:31] [render.h:188] [TRACE]: Particles Spawning: 2.431558
[16:18:31] [render.h:188] [TRACE]: Particles Spawning: 2.525524
[16:18:31] [render.h:188] [TRACE]: Particles Spawning: 2.436514
[16:18:31] [render.h:188] [TRACE]: Particles Spawning: 2.699712
[16:18:31] [render.h:188] [TRACE]: Particles Spawning: 2.210376
[16:18:31] [render.h:188] [TRACE]: Particles Spawning: 2.742775
[16:18:31] [render.h:188] [TRACE]: Particles Spawning: 2.365142
[16:18:31] [render.h:188] [TRACE]: Particles Spawning: 2.545608
[16:18:31] [render.h:188] [TRACE]: Particles Spawning: 2.506681
[16:18:31] [render.h:188] [TRACE]: Particles Spawning: 2.397509
[16:18:31] [render.h:188] [TRACE]: Particles Spawning: 2.459564
[16:18:31] [render.h:188] [TRACE]: Particles Spawning: 2.805901
[16:18:31] [render.h:188] [TRACE]: Particles Spawning: 2.200857
[16:18:31] [render.h:188] [TRACE]: Particles Spawning: 2.484307
[16:18:31] [render.h:188] [TRACE]: Particles Spawning: 2.691464
[16:18:31] [render.h:188] [TRACE]: Particles Spawning: 2.324385
[16:18:31] [render.h:188] [TRACE]: Particles Spawning: 2.636818
[16:18:31] [render.h:188] [TRACE]: Particles Spawning: 2.432376
[16:18:31] [render.h:188] [TRACE]: Particles Spawning: 2.494252
[16:18:31] [render.h:188] [TRACE]: Particles Spawning: 2.418055
[16:18:31] [render.h:188] [TRACE]: Particles Spawning: 2.550810
[16:18:31] [render.h:188] [TRACE]: Particles Spawning: 2.508479
[16:18:31] [render.h:188] [TRACE]: Particles Spawning: 2.439645
[16:18:31] [render.h:188] [TRACE]: Particles Spawning: 3.035306
[16:18:31] [render.h:188] [TRACE]: Particles Spawning: 2.590468
[16:18:31] [render.h:188] [TRACE]: Particles Spawning: 2.105701
[16:18:31] [render.h:188] [TRACE]: Particles Spawning: 2.348510
[16:18:31] [render.h:188] [TRACE]: Particles Spawning: 2.585300
[16:18:31] [render.h:188] [TRACE]: Particles Spawning: 2.578002
[16:18:31] [render.h:188] [TRACE]: Particles Spawning: 2.348056
[16:18:31] [render.h:188] [TRACE]: Particles Spawning: 2.489634
[16:18:31] [render.h:188] [TRACE]: Particles Spawning: 2.564204
[16:18:31] [render.h:188] [TRACE]: Particles Spawning: 2.484619
[16:18:31] [render.h:188] [TRACE]: Particles Spawning: 2.456021
[16:18:31] [render.h:188] [TRACE]: Particles Spawning: 2.458944
[16:18:31] [render.h:188] [TRACE]: Particles Spawning: 2.588494
[16:18:31] [render.h:188] [TRACE]: Particles Spawning: 2.793169
[16:18:31] [render.h:188] [TRACE]: Particles Spawning: 2.176679
[16:18:31] [render.h:188] [TRACE]: Particles Spawning: 2.428878
[16:18:31] [render.h:188] [TRACE]: Particles Spawning: 2.581122
[16:18:31] [render.h:188] [TRACE]: Particles Spawning: 2.544856
[16:18:31] [render.h:188] [TRACE]: Particles Spawning: 2.503838
[16:18:31] [render.h:188] [TRACE]: Particles Spawning: 2.549929
[16:18:31] [render.h:188] [TRACE]: Particles Spawning: 2.412152
[16:18:31] [render.h:188] [TRACE]: Particles Spawning: 2.543001
[16:18:31] [render.h:188] [TRACE]: Particles Spawning: 2.583719
[16:18:31] [render.h:188] [TRACE]: Particles Spawning: 2.731649
[16:18:31] [render.h:188] [TRACE]: Particles Spawning: 2.469306
[16:18:31] [render.h:188] [TRACE]: Particles Spawning: 2.152095
[16:18:31] [render.h:188] [TRACE]: Particles Spawning: 2.537110
[16:18:31] [render.h:188] [TRACE]: Particles Spawning: 2.486199
[16:18:31] [render.h:188] [TRACE]: Particles Spawning: 2.486093
[16:18:31] [render.h:188] [TRACE]: Particles Spawning: 2.560353
[16:18:31] [render.h:188] [TRACE]: Particles Spawning: 3.466045
[16:18:31] [render.h:188] [TRACE]: Particles Spawning: 2.090616
[16:18:31] [render.h:188] [TRACE]: Particles Spawning: 2.319779
[16:18:32] [render.h:188] [TRACE]: Particles Spawning: 2.270826
[16:18:32] [render.h:188] [TRACE]: Particles Spawning: 2.428634
[16:18:32] [render.h:188] [TRACE]: Particles Spawning: 2.423640
[16:18:32] [render.h:188] [TRACE]: Particles Spawning: 2.508039
[16:18:32] [render.h:188] [TRACE]: Particles Spawning: 2.456364
[16:18:32] [render.h:188] [TRACE]: Particles Spawning: 2.510391
[16:18:32] [render.h:188] [TRACE]: Particles Spawning: 2.484122
[16:18:32] [render.h:188] [TRACE]: Particles Spawning: 2.508121
[16:18:32] [render.h:188] [TRACE]: Particles Spawning: 4.348406
[16:18:32] [render.h:188] [TRACE]: Particles Spawning: 1.550104
[16:18:32] [render.h:188] [TRACE]: Particles Spawning: 1.920066
[16:18:32] [render.h:188] [TRACE]: Particles Spawning: 3.037377
[16:18:32] [render.h:188] [TRACE]: Particles Spawning: 1.816474
[16:18:32] [render.h:188] [TRACE]: Particles Spawning: 2.799280
[16:18:32] [render.h:188] [TRACE]: Particles Spawning: 2.134599
[16:18:32] [render.h:188] [TRACE]: Particles Spawning: 2.519230
[16:18:32] [render.h:188] [TRACE]: Particles Spawning: 2.457502
[16:18:32] [render.h:188] [TRACE]: Particles Spawning: 2.575553
[16:18:32] [render.h:188] [TRACE]: Particles Spawning: 2.524527
[16:18:32] [render.h:188] [TRACE]: Particles Spawning: 2.342881
[16:18:32] [render.h:188] [TRACE]: Particles Spawning: 2.990573
[16:18:32] [render.h:188] [TRACE]: Particles Spawning: 2.124124
[16:18:32] [render.h:188] [TRACE]: Particles Spawning: 2.309484
[16:18:32] [render.h:188] [TRACE]: Particles Spawning: 2.683248
[16:18:32] [render.h:188] [TRACE]: Particles Spawning: 2.325825
[16:18:32] [render.h:188] [TRACE]: Particles Spawning: 2.616621
[16:18:32] [render.h:188] [TRACE]: Particles Spawning: 2.457597
[16:18:32] [render.h:188] [TRACE]: Particles Spawning: 2.567083
[16:18:32] [render.h:188] [TRACE]: Particles Spawning: 2.420034
[16:18:32] [render.h:188] [TRACE]: Particles Spawning: 2.600940
[16:18:32] [render.h:188] [TRACE]: Particles Spawning: 2.495142
[16:18:32] [render.h:188] [TRACE]: Particles Spawning: 2.492004
[16:18:32] [render.h:188] [TRACE]: Particles Spawning: 2.397393
[16:18:32] [render.h:188] [TRACE]: Particles Spawning: 2.528283
[16:18:32] [render.h:188] [TRACE]: Particles Spawning: 2.445074
[16:18:32] [render.h:188] [TRACE]: Particles Spawning: 2.516211
[16:18:32] [render.h:188] [TRACE]: Particles Spawning: 2.557191
[16:18:32] [render.h:188] [TRACE]: Particles Spawning: 2.402576
[16:18:32] [render.h:188] [TRACE]: Particles Spawning: 3.412729
[16:18:32] [render.h:188] [TRACE]: Particles Spawning: 1.691333
[16:18:32] [render.h:188] [TRACE]: Particles Spawning: 2.457880
[16:18:32] [render.h:188] [TRACE]: Particles Spawning: 2.519386
[16:18:32] [render.h:188] [TRACE]: Particles Spawning: 2.514559
[16:18:32] [render.h:188] [TRACE]: Particles Spawning: 2.459268
[16:18:32] [render.h:188] [TRACE]: Particles Spawning: 2.555223
[16:18:32] [render.h:188] [TRACE]: Particles Spawning: 2.541415
[16:18:32] [render.h:188] [TRACE]: Particles Spawning: 2.444643
[16:18:32] [render.h:188] [TRACE]: Particles Spawning: 2.398646
[16:18:32] [render.h:188] [TRACE]: Particles Spawning: 2.679074
[16:18:32] [render.h:188] [TRACE]: Particles Spawning: 2.443440
[16:18:32] [render.h:188] [TRACE]: Particles Spawning: 2.501661
[16:18:32] [render.h:188] [TRACE]: Particles Spawning: 3.010278
[16:18:32] [render.h:188] [TRACE]: Particles Spawning: 2.491016
[16:18:32] [render.h:188] [TRACE]: Particles Spawning: 1.950904
[16:18:32] [render.h:188] [TRACE]: Particles Spawning: 3.021895
[16:18:32] [render.h:188] [TRACE]: Particles Spawning: 2.414800
[16:18:32] [render.h:188] [TRACE]: Particles Spawning: 2.217160
[16:18:32] [render.h:188] [TRACE]: Particles Spawning: 2.727882
[16:18:32] [render.h:188] [TRACE]: Particles Spawning: 2.143898
[16:18:32] [render.h:188] [TRACE]: Particles Spawning: 2.662154
[16:18:33] [render.h:188] [TRACE]: Particles Spawning: 2.350776
[16:18:33] [render.h:188] [TRACE]: Particles Spawning: 2.566039
[16:18:33] [render.h:188] [TRACE]: Particles Spawning: 2.426993
[16:18:33] [render.h:188] [TRACE]: Particles Spawning: 2.521132
[16:18:33] [render.h:188] [TRACE]: Particles Spawning: 2.491293
[16:18:33] [render.h:188] [TRACE]: Particles Spawning: 2.561463
[16:18:33] [render.h:188] [TRACE]: Particles Spawning: 2.521423
[16:18:33] [render.h:188] [TRACE]: Particles Spawning: 2.420147
[16:18:33] [render.h:188] [TRACE]: Particles Spawning: 2.694255
[16:18:33] [render.h:188] [TRACE]: Particles Spawning: 2.328039
[16:18:33] [render.h:188] [TRACE]: Particles Spawning: 2.442438
[16:18:33] [render.h:188] [TRACE]: Particles Spawning: 2.468178
[16:18:33] [render.h:188] [TRACE]: Particles Spawning: 2.575161
[16:18:33] [render.h:188] [TRACE]: Particles Spawning: 2.789825
[16:18:33] [render.h:188] [TRACE]: Particles Spawning: 2.293537
[16:18:33] [render.h:188] [TRACE]: Particles Spawning: 2.536467
[16:18:33] [render.h:188] [TRACE]: Particles Spawning: 2.365337
[16:18:33] [render.h:188] [TRACE]: Particles Spawning: 2.909147
[16:18:33] [render.h:188] [TRACE]: Particles Spawning: 2.265706
[16:18:33] [render.h:188] [TRACE]: Particles Spawning: 2.455114
[16:18:33] [render.h:188] [TRACE]: Particles Spawning: 2.424862
[16:18:33] [render.h:188] [TRACE]: Particles Spawning: 2.562456
[16:18:33] [render.h:188] [TRACE]: Particles Spawning: 2.445370
[16:18:33] [render.h:188] [TRACE]: Particles Spawning: 2.412863
[16:18:33] [render.h:188] [TRACE]: Particles Spawning: 2.478608
[16:18:33] [render.h:188] [TRACE]: Particles Spawning: 2.498252
[16:18:33] [render.h:188] [TRACE]: Particles Spawning: 2.571600
[16:18:33] [render.h:188] [TRACE]: Particles Spawning: 2.573853
[16:18:33] [render.h:188] [TRACE]: Particles Spawning: 2.415592
[16:18:33] [render.h:188] [TRACE]: Particles Spawning: 2.530665
[16:18:33] [render.h:188] [TRACE]: Particles Spawning: 2.547333
[16:18:33] [render.h:188] [TRACE]: Particles Spawning: 2.371547
[16:18:33] [render.h:188] [TRACE]: Particles Spawning: 2.551356
[16:18:33] [render.h:188] [TRACE]: Particles Spawning: 2.463878
[16:18:33] [render.h:188] [TRACE]: Particles Spawning: 2.543581
[16:18:33] [render.h:188] [TRACE]: Particles Spawning: 2.529917
[16:18:33] [render.h:188] [TRACE]: Particles Spawning: 2.541489
[16:18:33] [render.h:188] [TRACE]: Particles Spawning: 2.415244
[16:18:33] [render.h:188] [TRACE]: Particles Spawning: 2.738145
[16:18:33] [render.h:188] [TRACE]: Particles Spawning: 2.317601
[16:18:33] [render.h:188] [TRACE]: Particles Spawning: 2.494911
[16:18:33] [render.h:188] [TRACE]: Particles Spawning: 2.465677
[16:18:33] [render.h:188] [TRACE]: Particles Spawning: 2.531699
[16:18:33] [render.h:188] [TRACE]: Particles Spawning: 3.015924
[16:18:33] [render.h:188] [TRACE]: Particles Spawning: 2.347280
[16:18:33] [render.h:188] [TRACE]: Particles Spawning: 2.270595
[16:18:33] [render.h:188] [TRACE]: Particles Spawning: 2.343209
[16:18:33] [render.h:188] [TRACE]: Particles Spawning: 2.520287
[16:18:33] [render.h:188] [TRACE]: Particles Spawning: 2.575047
[16:18:33] [render.h:188] [TRACE]: Particles Spawning: 2.373127
[16:18:33] [render.h:188] [TRACE]: Particles Spawning: 2.669540
[16:18:33] [render.h:188] [TRACE]: Particles Spawning: 2.398681
[16:18:33] [render.h:188] [TRACE]: Particles Spawning: 2.436190
[16:18:33] [render.h:188] [TRACE]: Particles Spawning: 2.486594
[16:18:33] [render.h:188] [TRACE]: Particles Spawning: 2.537238
[16:18:33] [render.h:188] [TRACE]: Particles Spawning: 2.762456
[16:18:33] [render.h:188] [TRACE]: Particles Spawning: 2.501506
[16:18:33] [render.h:188] [TRACE]: Particles Spawning: 2.345722
[16:18:33] [render.h:188] [TRACE]: Particles Spawning: 2.381674
[16:18:33] [render.h:188] [TRACE]: Particles Spawning: 2.468019
[16:18:34] [render.h:188] [TRACE]: Particles Spawning: 2.488205
[16:18:34] [render.h:188] [TRACE]: Particles Spawning: 2.566504
[16:18:34] [render.h:188] [TRACE]: Particles Spawning: 2.469276
[16:18:34] [render.h:188] [TRACE]: Particles Spawning: 2.520300
[16:18:34] [render.h:188] [TRACE]: Particles Spawning: 2.662332
[16:18:34] [render.h:188] [TRACE]: Particles Spawning: 2.335366
[16:18:34] [render.h:188] [TRACE]: Particles Spawning: 2.682999
[16:18:34] [render.h:188] [TRACE]: Particles Spawning: 2.586245
[16:18:34] [render.h:188] [TRACE]: Particles Spawning: 2.286111
[16:18:34] [render.h:188] [TRACE]: Particles Spawning: 2.506039
[16:18:34] [render.h:188] [TRACE]: Particles Spawning: 2.528548
[16:18:34] [render.h:188] [TRACE]: Particles Spawning: 2.407697
[16:18:34] [render.h:188] [TRACE]: Particles Spawning: 2.530142
[16:18:34] [render.h:188] [TRACE]: Particles Spawning: 2.491512
[16:18:34] [render.h:188] [TRACE]: Particles Spawning: 2.502517
[16:18:34] [render.h:188] [TRACE]: Particles Spawning: 2.460534
[16:18:34] [render.h:188] [TRACE]: Particles Spawning: 2.491262
[16:18:34] [render.h:188] [TRACE]: Particles Spawning: 2.510253
[16:18:34] [render.h:188] [TRACE]: Particles Spawning: 2.539703
[16:18:34] [render.h:188] [TRACE]: Particles Spawning: 2.586473
[16:18:34] [render.h:188] [TRACE]: Particles Spawning: 2.726764
[16:18:34] [render.h:188] [TRACE]: Particles Spawning: 2.769802
[16:18:34] [render.h:188] [TRACE]: Particles Spawning: 3.494586
[16:18:34] [render.h:188] [TRACE]: Particles Spawning: 1.220115
[16:18:34] [render.h:188] [TRACE]: Particles Spawning: 2.808266
[16:18:34] [render.h:188] [TRACE]: Particles Spawning: 2.531967
[16:18:34] [render.h:188] [TRACE]: Particles Spawning: 2.088753
[16:18:34] [render.h:188] [TRACE]: Particles Spawning: 3.234810
[16:18:34] [render.h:188] [TRACE]: Particles Spawning: 2.381750
[16:18:34] [render.h:188] [TRACE]: Particles Spawning: 1.917889
[16:18:34] [render.h:188] [TRACE]: Particles Spawning: 2.627498
[16:18:34] [render.h:188] [TRACE]: Particles Spawning: 3.080209
[16:18:34] [render.h:188] [TRACE]: Particles Spawning: 3.373090
[16:18:34] [render.h:188] [TRACE]: Particles Spawning: 1.206625
[16:18:34] [render.h:188] [TRACE]: Particles Spawning: 2.993313
[16:18:34] [render.h:188] [TRACE]: Particles Spawning: 2.131934
[16:18:34] [render.h:188] [TRACE]: Particles Spawning: 2.886077
[16:18:34] [render.h:188] [TRACE]: Particles Spawning: 1.884666
[16:18:34] [render.h:188] [TRACE]: Particles Spawning: 2.697695
[16:18:34] [render.h:188] [TRACE]: Particles Spawning: 2.352572
[16:18:34] [render.h:188] [TRACE]: Particles Spawning: 2.307357
[16:18:34] [render.h:188] [TRACE]: Particles Spawning: 3.134494
[16:18:34] [render.h:188] [TRACE]: Particles Spawning: 1.704353
[16:18:34] [render.h:188] [TRACE]: Particles Spawning: 2.499880
[16:18:34] [render.h:188] [TRACE]: Particles Spawning: 2.760315
[16:18:34] [render.h:188] [TRACE]: Particles Spawning: 2.333680
[16:18:34] [render.h:188] [TRACE]: Particles Spawning: 2.360722
[16:18:34] [render.h:188] [TRACE]: Particles Spawning: 2.594803
[16:18:34] [render.h:188] [TRACE]: Particles Spawning: 2.857452
[16:18:34] [render.h:188] [TRACE]: Particles Spawning: 2.052929
[16:18:34] [render.h:188] [TRACE]: Particles Spawning: 2.544294
[16:18:34] [render.h:188] [TRACE]: Particles Spawning: 2.537922
[16:18:34] [render.h:188] [TRACE]: Particles Spawning: 2.483756
[16:18:34] [render.h:188] [TRACE]: Particles Spawning: 2.474797
[16:18:34] [render.h:188] [TRACE]: Particles Spawning: 2.528859
[16:18:34] [render.h:188] [TRACE]: Particles Spawning: 2.330398
[16:18:34] [render.h:188] [TRACE]: Particles Spawning: 2.568221
[16:18:34] [render.h:188] [TRACE]: Particles Spawning: 2.552157
[16:18:34] [render.h:188] [TRACE]: Particles Spawning: 2.853257
[16:18:34] [render.h:188] [TRACE]: Particles Spawning: 2.189712
[16:18:35] [render.h:188] [TRACE]: Particles Spawning: 2.539324
[16:18:35] [render.h:188] [TRACE]: Particles Spawning: 2.426578
[16:18:35] [render.h:188] [TRACE]: Particles Spawning: 2.675789
[16:18:35] [render.h:188] [TRACE]: Particles Spawning: 2.473878
[16:18:35] [render.h:188] [TRACE]: Particles Spawning: 2.664245
[16:18:35] [render.h:188] [TRACE]: Particles Spawning: 2.591166
[16:18:35] [render.h:188] [TRACE]: Particles Spawning: 3.674270
[16:18:35] [render.h:188] [TRACE]: Particles Spawning: 1.750859
[16:18:35] [render.h:188] [TRACE]: Particles Spawning: 2.547971
[16:18:35] [render.h:188] [TRACE]: Particles Spawning: 3.481735
[16:18:35] [render.h:188] [TRACE]: Particles Spawning: 2.013838
[16:18:35] [render.h:188] [TRACE]: Particles Spawning: 1.941929
[16:18:35] [render.h:188] [TRACE]: Particles Spawning: 2.370725
[16:18:35] [render.h:188] [TRACE]: Particles Spawning: 5.212028
[16:18:35] [render.h:188] [TRACE]: Particles Spawning: 2.233255
[16:18:35] [render.h:188] [TRACE]: Particles Spawning: 1.488448
[16:18:35] [render.h:188] [TRACE]: Particles Spawning: 1.342933
[16:18:35] [render.h:188] [TRACE]: Particles Spawning: 2.140253
[16:18:35] [render.h:188] [TRACE]: Particles Spawning: 2.400830
[16:18:35] [render.h:188] [TRACE]: Particles Spawning: 2.612639
[16:18:35] [render.h:188] [TRACE]: Particles Spawning: 2.397045
[16:18:35] [render.h:188] [TRACE]: Particles Spawning: 2.551591
[16:18:35] [render.h:188] [TRACE]: Particles Spawning: 2.484310
[16:18:35] [render.h:188] [TRACE]: Particles Spawning: 2.103225
[16:18:35] [render.h:188] [TRACE]: Particles Spawning: 3.289543
[16:18:35] [render.h:188] [TRACE]: Particles Spawning: 2.202340
[16:18:35] [render.h:188] [TRACE]: Particles Spawning: 2.100476
[16:18:35] [render.h:188] [TRACE]: Particles Spawning: 2.353400
[16:18:35] [render.h:188] [TRACE]: Particles Spawning: 2.493193
[16:18:35] [render.h:188] [TRACE]: Particles Spawning: 2.470104
[16:18:35] [render.h:188] [TRACE]: Particles Spawning: 2.410890
[16:18:35] [render.h:188] [TRACE]: Particles Spawning: 2.539592
[16:18:35] [render.h:188] [TRACE]: Particles Spawning: 2.608986
[16:18:35] [render.h:188] [TRACE]: Particles Spawning: 2.512934
[16:18:35] [render.h:188] [TRACE]: Particles Spawning: 2.376087
[16:18:35] [render.h:188] [TRACE]: Particles Spawning: 2.473941
[16:18:35] [render.h:188] [TRACE]: Particles Spawning: 2.697519
[16:18:35] [render.h:188] [TRACE]: Particles Spawning: 2.886104
[16:18:35] [render.h:188] [TRACE]: Particles Spawning: 2.217366
[16:18:35] [render.h:188] [TRACE]: Particles Spawning: 2.779632
[16:18:35] [render.h:188] [TRACE]: Particles Spawning: 2.014911
[16:18:35] [render.h:188] [TRACE]: Particles Spawning: 2.401946
[16:18:35] [render.h:188] [TRACE]: Particles Spawning: 2.677740
[16:18:35] [render.h:188] [TRACE]: Particles Spawning: 2.793114
[16:18:35] [render.h:188] [TRACE]: Particles Spawning: 2.404672
[16:18:35] [render.h:188] [TRACE]: Particles Spawning: 2.223313
[16:18:35] [render.h:188] [TRACE]: Particles Spawning: 3.017198
[16:18:35] [render.h:188] [TRACE]: Particles Spawning: 1.921067
[16:18:35] [render.h:188] [TRACE]: Particles Spawning: 2.472845
[16:18:35] [render.h:188] [TRACE]: Particles Spawning: 2.804113
[16:18:35] [render.h:188] [TRACE]: Particles Spawning: 3.329399
[16:18:35] [render.h:188] [TRACE]: Particles Spawning: 1.847558
[16:18:35] [render.h:188] [TRACE]: Particles Spawning: 2.809905
[16:18:35] [render.h:188] [TRACE]: Particles Spawning: 2.175002
[16:18:35] [render.h:188] [TRACE]: Particles Spawning: 2.309975
[16:18:35] [render.h:188] [TRACE]: Particles Spawning: 2.844900
[16:18:35] [render.h:188] [TRACE]: Particles Spawning: 2.192481
[16:18:35] [render.h:188] [TRACE]: Particles Spawning: 2.314478
[16:18:35] [render.h:188] [TRACE]: Particles Spawning: 2.415854
[16:18:35] [render.h:188] [TRACE]: Particles Spawning: 2.970033
[16:18:36] [render.h:188] [TRACE]: Particles Spawning: 2.174968
[16:18:36] [render.h:188] [TRACE]: Particles Spawning: 2.279708
[16:18:36] [render.h:188] [TRACE]: Particles Spawning: 2.540145
[16:18:36] [render.h:188] [TRACE]: Particles Spawning: 2.764911
[16:18:36] [render.h:188] [TRACE]: Particles Spawning: 2.801677
[16:18:36] [render.h:188] [TRACE]: Particles Spawning: 2.734312
[16:18:36] [render.h:188] [TRACE]: Particles Spawning: 2.074907
[16:18:36] [render.h:188] [TRACE]: Particles Spawning: 2.262174
[16:18:36] [render.h:188] [TRACE]: Particles Spawning: 2.731631
[16:18:36] [render.h:188] [TRACE]: Particles Spawning: 2.530187
[16:18:36] [render.h:188] [TRACE]: Particles Spawning: 2.467330
[16:18:36] [render.h:188] [TRACE]: Particles Spawning: 2.730467
[16:18:36] [render.h:188] [TRACE]: Particles Spawning: 2.362379
[16:18:36] [render.h:188] [TRACE]: Particles Spawning: 2.187815
[16:18:36] [render.h:188] [TRACE]: Particles Spawning: 2.617623
[16:18:36] [render.h:188] [TRACE]: Particles Spawning: 2.630579
[16:18:36] [render.h:188] [TRACE]: Particles Spawning: 2.558929
[16:18:36] [render.h:188] [TRACE]: Particles Spawning: 2.664687
[16:18:36] [render.h:188] [TRACE]: Particles Spawning: 2.519988
[16:18:36] [render.h:188] [TRACE]: Particles Spawning: 2.556419
[16:18:36] [render.h:188] [TRACE]: Particles Spawning: 2.049860
[16:18:36] [render.h:188] [TRACE]: Particles Spawning: 2.727570
[16:18:36] [render.h:188] [TRACE]: Particles Spawning: 2.512992
[16:18:36] [render.h:188] [TRACE]: Particles Spawning: 2.054460
[16:18:36] [render.h:188] [TRACE]: Particles Spawning: 3.701528
[16:18:36] [render.h:188] [TRACE]: Particles Spawning: 1.451474
[16:18:36] [render.h:188] [TRACE]: Particles Spawning: 2.432110
[16:18:36] [render.h:188] [TRACE]: Particles Spawning: 4.636935
[16:18:36] [render.h:188] [TRACE]: Particles Spawning: 2.293353
[16:18:36] [render.h:188] [TRACE]: Particles Spawning: 3.317326
[16:18:36] [render.h:188] [TRACE]: Particles Spawning: 1.933425
[16:18:36] [render.h:188] [TRACE]: Particles Spawning: 0.933470
[16:18:36] [render.h:188] [TRACE]: Particles Spawning: 2.275414
[16:18:36] [render.h:188] [TRACE]: Particles Spawning: 2.574054
[16:18:36] [render.h:188] [TRACE]: Particles Spawning: 2.310386
[16:18:36] [render.h:188] [TRACE]: Particles Spawning: 2.517320
[16:18:36] [render.h:188] [TRACE]: Particles Spawning: 2.703021
[16:18:36] [render.h:188] [TRACE]: Particles Spawning: 2.648505
[16:18:36] [render.h:188] [TRACE]: Particles Spawning: 3.154856
[16:18:36] [render.h:188] [TRACE]: Particles Spawning: 2.119276
[16:18:36] [render.h:188] [TRACE]: Particles Spawning: 3.067896
[16:18:36] [render.h:188] [TRACE]: Particles Spawning: 1.315738
[16:18:36] [render.h:188] [TRACE]: Particles Spawning: 2.683901
[16:18:36] [render.h:188] [TRACE]: Particles Spawning: 2.394193
[16:18:36] [render.h:188] [TRACE]: Particles Spawning: 2.143826
[16:18:36] [render.h:188] [TRACE]: Particles Spawning: 2.688383
[16:18:36] [render.h:188] [TRACE]: Particles Spawning: 2.520802
[16:18:36] [render.h:188] [TRACE]: Particles Spawning: 2.282840
[16:18:36] [render.h:188] [TRACE]: Particles Spawning: 2.830469
[16:18:36] [render.h:188] [TRACE]: Particles Spawning: 2.978615
[16:18:36] [render.h:188] [TRACE]: Particles Spawning: 2.533379
[16:18:36] [render.h:188] [TRACE]: Particles Spawning: 1.642853
[16:18:36] [render.h:188] [TRACE]: Particles Spawning: 2.505271
[16:18:36] [render.h:188] [TRACE]: Particles Spawning: 2.411049
[16:18:36] [render.h:188] [TRACE]: Particles Spawning: 3.504096
[16:18:36] [render.h:188] [TRACE]: Particles Spawning: 1.861338
[16:18:36] [render.h:188] [TRACE]: Particles Spawning: 2.384912
[16:18:36] [render.h:188] [TRACE]: Particles Spawning: 2.587457
[16:18:36] [render.h:188] [TRACE]: Particles Spawning: 2.233000
[16:18:36] [render.h:188] [TRACE]: Particles Spawning: 2.657031
[16:18:37] [render.h:188] [TRACE]: Particles Spawning: 2.786232
[16:18:37] [render.h:188] [TRACE]: Particles Spawning: 2.573502
[16:18:37] [render.h:188] [TRACE]: Particles Spawning: 2.835905
[16:18:37] [render.h:188] [TRACE]: Particles Spawning: 2.360296
[16:18:37] [render.h:188] [TRACE]: Particles Spawning: 2.894743
[16:18:37] [render.h:188] [TRACE]: Particles Spawning: 2.886707
[16:18:37] [render.h:188] [TRACE]: Particles Spawning: 3.351628
[16:18:37] [render.h:188] [TRACE]: Particles Spawning: 3.583093
[16:18:37] [render.h:188] [TRACE]: Particles Spawning: 2.282632
[16:18:37] [render.h:188] [TRACE]: Particles Spawning: 2.760693
[16:18:37] [render.h:188] [TRACE]: Particles Spawning: 2.080746
[16:18:37] [render.h:188] [TRACE]: Particles Spawning: 1.359140
[16:18:37] [render.h:188] [TRACE]: Particles Spawning: 2.305034
[16:18:37] [render.h:188] [TRACE]: Particles Spawning: 1.743422
[16:18:37] [render.h:188] [TRACE]: Particles Spawning: 2.814447
[16:18:37] [render.h:188] [TRACE]: Particles Spawning: 2.369158
[16:18:37] [render.h:188] [TRACE]: Particles Spawning: 2.203972
[16:18:37] [render.h:188] [TRACE]: Particles Spawning: 1.735337
[16:18:37] [render.h:188] [TRACE]: Particles Spawning: 2.715817
[16:18:37] [render.h:188] [TRACE]: Particles Spawning: 2.986173
[16:18:37] [render.h:188] [TRACE]: Particles Spawning: 2.099102
[16:18:37] [render.h:188] [TRACE]: Particles Spawning: 2.189075
[16:18:37] [render.h:188] [TRACE]: Particles Spawning: 2.414132
[16:18:37] [render.h:188] [TRACE]: Particles Spawning: 2.810093
[16:18:37] [render.h:188] [TRACE]: Particles Spawning: 2.481514
[16:18:37] [render.h:188] [TRACE]: Particles Spawning: 2.885318
[16:18:37] [render.h:188] [TRACE]: Particles Spawning: 2.576036
[16:18:37] [render.h:188] [TRACE]: Particles Spawning: 2.363285
[16:18:37] [render.h:188] [TRACE]: Particles Spawning: 2.702474
[16:18:37] [render.h:188] [TRACE]: Particles Spawning: 2.635020
[16:18:37] [render.h:188] [TRACE]: Particles Spawning: 3.121453
[16:18:37] [render.h:188] [TRACE]: Particles Spawning: 2.627773
[16:18:37] [render.h:188] [TRACE]: Particles Spawning: 2.047289
[16:18:37] [render.h:188] [TRACE]: Particles Spawning: 2.160479
[16:18:37] [render.h:188] [TRACE]: Particles Spawning: 3.082677
[16:18:37] [render.h:188] [TRACE]: Particles Spawning: 2.250202
[16:18:37] [render.h:188] [TRACE]: Particles Spawning: 1.790132
[16:18:37] [render.h:188] [TRACE]: Particles Spawning: 2.463868
[16:18:37] [render.h:188] [TRACE]: Particles Spawning: 2.700800
[16:18:37] [render.h:188] [TRACE]: Particles Spawning: 2.698338
[16:18:37] [render.h:188] [TRACE]: Particles Spawning: 2.451787
[16:18:37] [render.h:188] [TRACE]: Particles Spawning: 2.313423
[16:18:37] [render.h:188] [TRACE]: Particles Spawning: 2.976542
[16:18:37] [render.h:188] [TRACE]: Particles Spawning: 2.408045
[16:18:37] [render.h:188] [TRACE]: Particles Spawning: 2.574450
[16:18:37] [render.h:188] [TRACE]: Particles Spawning: 2.568631
[16:18:37] [render.h:188] [TRACE]: Particles Spawning: 2.448247
[16:18:37] [render.h:188] [TRACE]: Particles Spawning: 2.245241
[16:18:37] [render.h:188] [TRACE]: Particles Spawning: 2.485915
[16:18:37] [render.h:188] [TRACE]: Particles Spawning: 2.724271
[16:18:37] [render.h:188] [TRACE]: Particles Spawning: 2.509849
[16:18:37] [render.h:188] [TRACE]: Particles Spawning: 2.270283
[16:18:37] [render.h:188] [TRACE]: Particles Spawning: 2.477429
[16:18:37] [render.h:188] [TRACE]: Particles Spawning: 2.343400
[16:18:37] [render.h:188] [TRACE]: Particles Spawning: 2.343639
[16:18:37] [render.h:188] [TRACE]: Particles Spawning: 2.864886
[16:18:37] [render.h:188] [TRACE]: Particles Spawning: 4.167148
[16:18:37] [render.h:188] [TRACE]: Particles Spawning: 2.017602
[16:18:37] [render.h:188] [TRACE]: Particles Spawning: 1.535156
[16:18:38] [render.h:188] [TRACE]: Particles Spawning: 2.345556
[16:18:38] [render.h:188] [TRACE]: Particles Spawning: 2.959835
[16:18:38] [render.h:188] [TRACE]: Particles Spawning: 2.069027
[16:18:38] [render.h:188] [TRACE]: Particles Spawning: 2.312295
[16:18:38] [render.h:188] [TRACE]: Particles Spawning: 2.732244
[16:18:38] [render.h:188] [TRACE]: Particles Spawning: 2.000586
[16:18:38] [render.h:188] [TRACE]: Particles Spawning: 2.727541
[16:18:38] [render.h:188] [TRACE]: Particles Spawning: 2.922609
[16:18:38] [render.h:188] [TRACE]: Particles Spawning: 2.096088
[16:18:38] [render.h:188] [TRACE]: Particles Spawning: 2.766097
[16:18:38] [render.h:188] [TRACE]: Particles Spawning: 2.884242
[16:18:38] [render.h:188] [TRACE]: Particles Spawning: 2.191402
[16:18:38] [render.h:188] [TRACE]: Particles Spawning: 2.546775
[16:18:38] [render.h:188] [TRACE]: Particles Spawning: 2.698981
[16:18:38] [render.h:188] [TRACE]: Particles Spawning: 2.368046
[16:18:38] [render.h:188] [TRACE]: Particles Spawning: 2.119191
[16:18:38] [render.h:188] [TRACE]: Particles Spawning: 2.670967
[16:18:38] [render.h:188] [TRACE]: Particles Spawning: 2.437630
[16:18:38] [render.h:188] [TRACE]: Particles Spawning: 2.669731
[16:18:38] [render.h:188] [TRACE]: Particles Spawning: 2.133765
[16:18:38] [render.h:188] [TRACE]: Particles Spawning: 1.886369
[16:18:38] [render.h:188] [TRACE]: Particles Spawning: 2.634562
[16:18:38] [render.h:188] [TRACE]: Particles Spawning: 2.428922
[16:18:38] [render.h:188] [TRACE]: Particles Spawning: 2.568736
[16:18:38] [render.h:188] [TRACE]: Particles Spawning: 2.651665
[16:18:38] [render.h:188] [TRACE]: Particles Spawning: 3.068812
[16:18:38] [render.h:188] [TRACE]: Particles Spawning: 1.967046
[16:18:38] [render.h:188] [TRACE]: Particles Spawning: 2.529426
[16:18:38] [render.h:188] [TRACE]: Particles Spawning: 2.350802
[16:18:38] [render.h:188] [TRACE]: Particles Spawning: 2.475678
[16:18:38] [render.h:188] [TRACE]: Particles Spawning: 2.582135
[16:18:38] [render.h:188] [TRACE]: Particles Spawning: 2.960343
[16:18:38] [render.h:188] [TRACE]: Particles Spawning: 2.499498
[16:18:38] [render.h:188] [TRACE]: Particles Spawning: 2.451052
[16:18:38] [render.h:188] [TRACE]: Particles Spawning: 2.899529
[16:18:38] [render.h:188] [TRACE]: Particles Spawning: 2.842943
[16:18:38] [render.h:188] [TRACE]: Particles Spawning: 3.226265
[16:18:38] [render.h:188] [TRACE]: Particles Spawning: 2.194547
[16:18:38] [render.h:188] [TRACE]: Particles Spawning: 2.516061
[16:18:38] [render.h:188] [TRACE]: Particles Spawning: 3.023446
[16:18:38] [render.h:188] [TRACE]: Particles Spawning: 3.609649
[16:18:38] [render.h:188] [TRACE]: Particles Spawning: 1.805945
[16:18:38] [render.h:188] [TRACE]: Particles Spawning: 1.343500
[16:18:38] [render.h:188] [TRACE]: Particles Spawning: 2.000371
[16:18:38] [render.h:188] [TRACE]: Particles Spawning: 2.224791
[16:18:38] [render.h:188] [TRACE]: Particles Spawning: 1.943064
[16:18:38] [render.h:188] [TRACE]: Particles Spawning: 2.626309
[16:18:38] [render.h:188] [TRACE]: Particles Spawning: 2.645639
[16:18:38] [render.h:188] [TRACE]: Particles Spawning: 2.844576
[16:18:38] [render.h:188] [TRACE]: Particles Spawning: 3.240927
[16:18:38] [render.h:188] [TRACE]: Particles Spawning: 2.557910
[16:18:38] [render.h:188] [TRACE]: Particles Spawning: 2.059516
[16:18:38] [render.h:188] [TRACE]: Particles Spawning: 2.924517
[16:18:38] [render.h:188] [TRACE]: Particles Spawning: 2.127619
[16:18:38] [render.h:188] [TRACE]: Particles Spawning: 1.696531
[16:18:38] [render.h:188] [TRACE]: Particles Spawning: 2.469772
[16:18:38] [render.h:188] [TRACE]: Particles Spawning: 2.534687
[16:18:38] [render.h:188] [TRACE]: Particles Spawning: 2.437569
[16:18:38] [render.h:188] [TRACE]: Particles Spawning: 2.640697
[16:18:38] [render.h:188] [TRACE]: Particles Spawning: 2.226395
[16:18:38] [render.h:188] [TRACE]: Particles Spawning: 3.391831
[16:18:39] [render.h:188] [TRACE]: Particles Spawning: 1.442608
[16:18:39] [render.h:188] [TRACE]: Particles Spawning: 2.910748
[16:18:39] [render.h:188] [TRACE]: Particles Spawning: 3.897343
[16:18:39] [render.h:188] [TRACE]: Particles Spawning: 1.213731
[16:18:39] [render.h:188] [TRACE]: Particles Spawning: 2.125978
[16:18:39] [render.h:188] [TRACE]: Particles Spawning: 2.271181
[16:18:39] [render.h:188] [TRACE]: Particles Spawning: 3.051010
[16:18:39] [render.h:188] [TRACE]: Particles Spawning: 1.915312
[16:18:39] [render.h:188] [TRACE]: Particles Spawning: 2.680449
[16:18:39] [render.h:188] [TRACE]: Particles Spawning: 2.319471
[16:18:39] [render.h:188] [TRACE]: Particles Spawning: 2.577929
[16:18:39] [render.h:188] [TRACE]: Particles Spawning: 2.522777
[16:18:39] [render.h:188] [TRACE]: Particles Spawning: 2.302933
[16:18:39] [render.h:188] [TRACE]: Particles Spawning: 2.474207
[16:18:39] [render.h:188] [TRACE]: Particles Spawning: 2.840270
[16:18:39] [render.h:188] [TRACE]: Particles Spawning: 3.176231
[16:18:39] [render.h:188] [TRACE]: Particles Spawning: 2.486507
[16:18:39] [render.h:188] [TRACE]: Particles Spawning: 1.887422
[16:18:39] [render.h:188] [TRACE]: Particles Spawning: 2.598865
[16:18:39] [render.h:188] [TRACE]: Particles Spawning: 2.382562
[16:18:39] [render.h:188] [TRACE]: Particles Spawning: 2.342312
[16:18:39] [render.h:188] [TRACE]: Particles Spawning: 2.359102
[16:18:39] [render.h:188] [TRACE]: Particles Spawning: 2.505448
[16:18:39] [render.h:188] [TRACE]: Particles Spawning: 2.514710
[16:18:39] [render.h:188] [TRACE]: Particles Spawning: 2.600674
[16:18:39] [render.h:188] [TRACE]: Particles Spawning: 2.739012
[16:18:39] [render.h:188] [TRACE]: Particles Spawning: 2.111334
[16:18:39] [render.h:188] [TRACE]: Particles Spawning: 2.554718
[16:18:39] [render.h:188] [TRACE]: Particles Spawning: 3.149788
[16:18:39] [render.h:188] [TRACE]: Particles Spawning: 2.786414
[16:18:39] [render.h:188] [TRACE]: Particles Spawning: 1.946518
[16:18:39] [render.h:188] [TRACE]: Particles Spawning: 2.653278
[16:18:39] [render.h:188] [TRACE]: Particles Spawning: 2.087602
[16:18:39] [render.h:188] [TRACE]: Particles Spawning: 2.771857
[16:18:39] [render.h:188] [TRACE]: Particles Spawning: 2.034361
[16:18:39] [render.h:188] [TRACE]: Particles Spawning: 2.504802
[16:18:39] [render.h:188] [TRACE]: Particles Spawning: 2.489311
[16:18:39] [render.h:188] [TRACE]: Particles Spawning: 2.721869
[16:18:39] [render.h:188] [TRACE]: Particles Spawning: 2.399818
[16:18:39] [render.h:188] [TRACE]: Particles Spawning: 2.683518
[16:18:39] [render.h:188] [TRACE]: Particles Spawning: 2.622793
[16:18:39] [render.h:188] [TRACE]: Particles Spawning: 3.047415
[16:18:39] [render.h:188] [TRACE]: Particles Spawning: 1.903649
[16:18:39] [render.h:188] [TRACE]: Particles Spawning: 2.720998
[16:18:39] [render.h:188] [TRACE]: Particles Spawning: 2.215826
[16:18:39] [render.h:188] [TRACE]: Particles Spawning: 2.925359
[16:18:39] [render.h:188] [TRACE]: Particles Spawning: 2.147104
[16:18:39] [render.h:188] [TRACE]: Particles Spawning: 2.222748
[16:18:39] [render.h:188] [TRACE]: Particles Spawning: 2.424070
[16:18:39] [render.h:188] [TRACE]: Particles Spawning: 2.423946
[16:18:39] [render.h:188] [TRACE]: Particles Spawning: 2.604562
[16:18:39] [render.h:188] [TRACE]: Particles Spawning: 3.374125
[16:18:39] [render.h:188] [TRACE]: Particles Spawning: 1.797216
[16:18:39] [render.h:188] [TRACE]: Particles Spawning: 2.590419
[16:18:39] [render.h:188] [TRACE]: Particles Spawning: 2.726404
[16:18:39] [render.h:188] [TRACE]: Particles Spawning: 3.104547
[16:18:39] [render.h:188] [TRACE]: Particles Spawning: 1.652912
[16:18:39] [render.h:188] [TRACE]: Particles Spawning: 2.833535
[16:18:39] [render.h:188] [TRACE]: Particles Spawning: 2.593089
[16:18:39] [render.h:188] [TRACE]: Particles Spawning: 2.184784
[16:18:40] [render.h:188] [TRACE]: Particles Spawning: 2.791685
[16:18:40] [render.h:188] [TRACE]: Particles Spawning: 2.118394
[16:18:40] [render.h:188] [TRACE]: Particles Spawning: 2.315544
[16:18:40] [render.h:188] [TRACE]: Particles Spawning: 2.617721
[16:18:40] [render.h:188] [TRACE]: Particles Spawning: 2.648345
[16:18:40] [render.h:188] [TRACE]: Particles Spawning: 2.589312
[16:18:40] [render.h:188] [TRACE]: Particles Spawning: 2.874065
[16:18:40] [render.h:188] [TRACE]: Particles Spawning: 2.038824
[16:18:40] [render.h:188] [TRACE]: Particles Spawning: 2.727210
[16:18:40] [render.h:188] [TRACE]: Particles Spawning: 2.778395
[16:18:40] [render.h:188] [TRACE]: Particles Spawning: 2.103358
[16:18:40] [render.h:188] [TRACE]: Particles Spawning: 2.537877
[16:18:40] [render.h:188] [TRACE]: Particles Spawning: 2.431785
[16:18:40] [render.h:188] [TRACE]: Particles Spawning: 2.314965
[16:18:40] [render.h:188] [TRACE]: Particles Spawning: 2.878589
[16:18:40] [render.h:188] [TRACE]: Particles Spawning: 4.002291
[16:18:40] [render.h:188] [TRACE]: Particles Spawning: 2.033352
[16:18:40] [render.h:188] [TRACE]: Particles Spawning: 2.862949
[16:18:40] [render.h:188] [TRACE]: Particles Spawning: 2.192518
[16:18:40] [render.h:188] [TRACE]: Particles Spawning: 1.984488
[16:18:40] [render.h:188] [TRACE]: Particles Spawning: 2.364884
[16:18:40] [render.h:188] [TRACE]: Particles Spawning: 2.780624
[16:18:40] [render.h:188] [TRACE]: Particles Spawning: 2.132566
[16:18:40] [render.h:188] [TRACE]: Particles Spawning: 2.432157
[16:18:40] [render.h:188] [TRACE]: Particles Spawning: 2.465643
[16:18:40] [render.h:188] [TRACE]: Particles Spawning: 3.469604
[16:18:40] [render.h:188] [TRACE]: Particles Spawning: 1.356398
[16:18:40] [render.h:188] [TRACE]: Particles Spawning: 2.425616
[16:18:40] [render.h:188] [TRACE]: Particles Spawning: 2.663503
[16:18:40] [render.h:188] [TRACE]: Particles Spawning: 5.982946
[16:18:40] [render.h:188] [TRACE]: Particles Spawning: 1.605012
[16:18:40] [render.h:188] [TRACE]: Particles Spawning: 1.934902
[16:18:40] [render.h:188] [TRACE]: Particles Spawning: 1.551523
[16:18:40] [render.h:188] [TRACE]: Particles Spawning: 1.258068
[16:18:40] [render.h:188] [TRACE]: Particles Spawning: 2.433701
[16:18:40] [render.h:188] [TRACE]: Particles Spawning: 2.561648
[16:18:40] [render.h:188] [TRACE]: Particles Spawning: 3.420851
[16:18:40] [render.h:188] [TRACE]: Particles Spawning: 1.575318
[16:18:40] [render.h:188] [TRACE]: Particles Spawning: 2.713708
[16:18:40] [render.h:188] [TRACE]: Particles Spawning: 2.462423
[16:18:40] [render.h:188] [TRACE]: Particles Spawning: 2.511292
[16:18:40] [render.h:188] [TRACE]: Particles Spawning: 2.436375
[16:18:40] [render.h:188] [TRACE]: Particles Spawning: 2.517432
[16:18:40] [render.h:188] [TRACE]: Particles Spawning: 2.036126
[16:18:40] [render.h:188] [TRACE]: Particles Spawning: 3.541773
[16:18:40] [render.h:188] [TRACE]: Particles Spawning: 4.129669
[16:18:40] [render.h:188] [TRACE]: Particles Spawning: 2.362839
[16:18:40] [render.h:188] [TRACE]: Particles Spawning: 1.006857
[16:18:40] [render.h:188] [TRACE]: Particles Spawning: 1.839623
[16:18:40] [render.h:188] [TRACE]: Particles Spawning: 2.643275
[16:18:40] [render.h:188] [TRACE]: Particles Spawning: 2.823230
[16:18:40] [render.h:188] [TRACE]: Particles Spawning: 2.126564
[16:18:40] [render.h:188] [TRACE]: Particles Spawning: 5.719041
[16:18:40] [render.h:188] [TRACE]: Particles Spawning: 1.627641
[16:18:40] [render.h:188] [TRACE]: Particles Spawning: 1.907654
[16:18:40] [render.h:188] [TRACE]: Particles Spawning: 3.309402
[16:18:40] [render.h:188] [TRACE]: Particles Spawning: 2.207072
[16:18:40] [render.h:188] [TRACE]: Particles Spawning: 1.869155
[16:18:41] [render.h:188] [TRACE]: Particles Spawning: 6.043038
[16:18:41] [render.h:188] [TRACE]: Particles Spawning: 2.837409
[16:18:41] [render.h:188] [TRACE]: Particles Spawning: 2.656515
[16:18:41] [render.h:188] [TRACE]: Particles Spawning: 1.229323
[16:18:41] [render.h:188] [TRACE]: Particles Spawning: 1.853907
[16:18:41] [render.h:188] [TRACE]: Particles Spawning: 2.485821
[16:18:41] [render.h:188] [TRACE]: Particles Spawning: 1.618956
[16:18:41] [render.h:188] [TRACE]: Particles Spawning: 3.367081
[16:18:41] [render.h:188] [TRACE]: Particles Spawning: 1.670287
[16:18:41] [render.h:188] [TRACE]: Particles Spawning: 2.820700
[16:18:41] [render.h:188] [TRACE]: Particles Spawning: 1.647206
[16:18:41] [render.h:188] [TRACE]: Particles Spawning: 2.534620
[16:18:41] [render.h:188] [TRACE]: Particles Spawning: 2.497746
[16:18:41] [render.h:188] [TRACE]: Particles Spawning: 2.401379
[16:18:41] [render.h:188] [TRACE]: Particles Spawning: 2.253344
[16:18:41] [render.h:188] [TRACE]: Particles Spawning: 2.523448
[16:18:41] [render.h:188] [TRACE]: Particles Spawning: 3.226623
[16:18:41] [render.h:188] [TRACE]: Particles Spawning: 1.747956
[16:18:41] [render.h:188] [TRACE]: Particles Spawning: 2.635342
[16:18:41] [render.h:188] [TRACE]: Particles Spawning: 2.309601
[16:18:41] [render.h:188] [TRACE]: Particles Spawning: 4.246616
[16:18:41] [render.h:188] [TRACE]: Particles Spawning: 2.307961
[16:18:41] [render.h:188] [TRACE]: Particles Spawning: 1.618911
[16:18:41] [render.h:188] [TRACE]: Particles Spawning: 1.931074
[16:18:41] [render.h:188] [TRACE]: Particles Spawning: 2.472043
[16:18:41] [render.h:188] [TRACE]: Particles Spawning: 3.095389
[16:18:41] [render.h:188] [TRACE]: Particles Spawning: 2.317557
[16:18:41] [render.h:188] [TRACE]: Particles Spawning: 2.558577
[16:18:41] [render.h:188] [TRACE]: Particles Spawning: 3.028132
[16:18:41] [render.h:188] [TRACE]: Particles Spawning: 2.149322
[16:18:41] [render.h:188] [TRACE]: Particles Spawning: 3.892324
[16:18:41] [render.h:188] [TRACE]: Particles Spawning: 2.077625
[16:18:41] [render.h:188] [TRACE]: Particles Spawning: 1.958493
[16:18:41] [render.h:188] [TRACE]: Particles Spawning: 3.673813
[16:18:41] [render.h:188] [TRACE]: Particles Spawning: 2.114285
[16:18:41] [render.h:188] [TRACE]: Particles Spawning: 3.361038
[16:18:41] [render.h:188] [TRACE]: Particles Spawning: 3.812148
[16:18:41] [render.h:188] [TRACE]: Particles Spawning: 2.608705
[16:18:41] [render.h:188] [TRACE]: Particles Spawning: 4.648712
[16:18:41] [render.h:188] [TRACE]: Particles Spawning: 2.006734
[16:18:41] [render.h:188] [TRACE]: Particles Spawning: 0.840890
[16:18:41] [render.h:188] [TRACE]: Particles Spawning: 1.728086
[16:18:41] [render.h:188] [TRACE]: Particles Spawning: 2.892623
[16:18:41] [render.h:188] [TRACE]: Particles Spawning: 2.997884
[16:18:41] [render.h:188] [TRACE]: Particles Spawning: 2.457762
[16:18:41] [render.h:188] [TRACE]: Particles Spawning: 3.223233
[16:18:41] [render.h:188] [TRACE]: Particles Spawning: 2.404625
[16:18:41] [render.h:188] [TRACE]: Particles Spawning: 2.699463
[16:18:41] [render.h:188] [TRACE]: Particles Spawning: 1.298189
[16:18:41] [render.h:188] [TRACE]: Particles Spawning: 3.975768
[16:18:41] [render.h:188] [TRACE]: Particles Spawning: 1.617651
[16:18:41] [render.h:188] [TRACE]: Particles Spawning: 0.492803
[16:18:41] [render.h:188] [TRACE]: Particles Spawning: 3.119906
[16:18:41] [render.h:188] [TRACE]: Particles Spawning: 2.672227
[16:18:41] [render.h:188] [TRACE]: Particles Spawning: 2.396084
[16:18:41] [render.h:188] [TRACE]: Particles Spawning: 2.182911
[16:18:41] [render.h:188] [TRACE]: Particles Spawning: 3.599351
[16:18:41] [render.h:188] [TRACE]: Particles Spawning: 3.986214
[16:18:41] [render.h:188] [TRACE]: Particles Spawning: 2.066860
[16:18:41] [render.h:188] [TRACE]: Particles Spawning: 1.414023
[16:18:42] [render.h:188] [TRACE]: Particles Spawning: 1.661376
[16:18:42] [render.h:188] [TRACE]: Particles Spawning: 3.384523
[16:18:42] [render.h:188] [TRACE]: Particles Spawning: 1.139577
[16:18:42] [render.h:188] [TRACE]: Particles Spawning: 2.255324
[16:18:42] [render.h:188] [TRACE]: Particles Spawning: 3.782786
[16:18:42] [render.h:188] [TRACE]: Particles Spawning: 1.533703
[16:18:42] [render.h:188] [TRACE]: Particles Spawning: 3.106898
[16:18:42] [render.h:188] [TRACE]: Particles Spawning: 1.822443
[16:18:42] [render.h:188] [TRACE]: Particles Spawning: 2.497296
[16:18:42] [render.h:188] [TRACE]: Particles Spawning: 2.557186
[16:18:42] [render.h:188] [TRACE]: Particles Spawning: 2.428728
[16:18:42] [render.h:188] [TRACE]: Particles Spawning: 3.190869
[16:18:42] [render.h:188] [TRACE]: Particles Spawning: 1.650225
[16:18:42] [render.h:188] [TRACE]: Particles Spawning: 2.842687
[16:18:42] [render.h:188] [TRACE]: Particles Spawning: 2.781917
[16:18:42] [render.h:188] [TRACE]: Particles Spawning: 3.316296
[16:18:42] [render.h:188] [TRACE]: Particles Spawning: 2.512614
[16:18:42] [render.h:188] [TRACE]: Particles Spawning: 2.374172
[16:18:42] [render.h:188] [TRACE]: Particles Spawning: 2.413012
[16:18:42] [render.h:188] [TRACE]: Particles Spawning: 2.540107
[16:18:42] [render.h:188] [TRACE]: Particles Spawning: 2.395674
[16:18:42] [render.h:188] [TRACE]: Particles Spawning: 4.470795
[16:18:42] [render.h:188] [TRACE]: Particles Spawning: 1.553381
[16:18:42] [render.h:188] [TRACE]: Particles Spawning: 1.433625
[16:18:42] [render.h:188] [TRACE]: Particles Spawning: 1.563661
[16:18:42] [render.h:188] [TRACE]: Particles Spawning: 4.681700
[16:18:42] [render.h:188] [TRACE]: Particles Spawning: 1.907335
[16:18:42] [render.h:188] [TRACE]: Particles Spawning: 3.722795
[16:18:42] [render.h:188] [TRACE]: Particles Spawning: 1.394061
[16:18:42] [render.h:188] [TRACE]: Particles Spawning: 3.372603
[16:18:42] [render.h:188] [TRACE]: Particles Spawning: 1.699618
[16:18:42] [render.h:188] [TRACE]: Particles Spawning: 1.440129
[16:18:42] [render.h:188] [TRACE]: Particles Spawning: 2.906242
[16:18:42] [render.h:188] [TRACE]: Particles Spawning: 2.046231
[16:18:42] [render.h:188] [TRACE]: Particles Spawning: 1.938483
[16:18:42] [render.h:188] [TRACE]: Particles Spawning: 2.361748
[16:18:42] [render.h:188] [TRACE]: Particles Spawning: 3.167899
[16:18:42] [render.h:188] [TRACE]: Particles Spawning: 2.001656
[16:18:42] [render.h:188] [TRACE]: Particles Spawning: 2.421367
[16:18:42] [render.h:188] [TRACE]: Particles Spawning: 3.030684
[16:18:42] [render.h:188] [TRACE]: Particles Spawning: 2.510618
[16:18:42] [render.h:188] [TRACE]: Particles Spawning: 2.143193
[16:18:42] [render.h:188] [TRACE]: Particles Spawning: 3.117439
[16:18:42] [render.h:188] [TRACE]: Particles Spawning: 2.826774
[16:18:42] [render.h:188] [TRACE]: Particles Spawning: 2.407833
[16:18:42] [render.h:188] [TRACE]: Particles Spawning: 2.669278
[16:18:42] [render.h:188] [TRACE]: Particles Spawning: 1.908738
[16:18:42] [render.h:188] [TRACE]: Particles Spawning: 2.235400
[16:18:42] [render.h:188] [TRACE]: Particles Spawning: 3.023487
[16:18:42] [render.h:188] [TRACE]: Particles Spawning: 1.919515
[16:18:42] [render.h:188] [TRACE]: Particles Spawning: 5.038067
[16:18:42] [render.h:188] [TRACE]: Particles Spawning: 1.467130
[16:18:42] [render.h:188] [TRACE]: Particles Spawning: 3.213612
[16:18:42] [render.h:188] [TRACE]: Particles Spawning: 1.832893
[16:18:42] [render.h:188] [TRACE]: Particles Spawning: 1.716330
[16:18:42] [render.h:188] [TRACE]: Particles Spawning: 1.789620
[16:18:42] [render.h:188] [TRACE]: Particles Spawning: 2.279209
[16:18:42] [render.h:188] [TRACE]: Particles Spawning: 4.018799
[16:18:42] [render.h:188] [TRACE]: Particles Spawning: 2.406685
[16:18:43] [render.h:188] [TRACE]: Particles Spawning: 1.828256
[16:18:43] [render.h:188] [TRACE]: Particles Spawning: 2.416402
[16:18:43] [render.h:188] [TRACE]: Particles Spawning: 2.112875
[16:18:43] [render.h:188] [TRACE]: Particles Spawning: 2.501306
[16:18:43] [render.h:188] [TRACE]: Particles Spawning: 2.566555
[16:18:43] [render.h:188] [TRACE]: Particles Spawning: 2.679900
[16:18:43] [render.h:188] [TRACE]: Particles Spawning: 2.161096
[16:18:43] [render.h:188] [TRACE]: Particles Spawning: 2.871816
[16:18:43] [render.h:188] [TRACE]: Particles Spawning: 2.324743
[16:18:43] [render.h:188] [TRACE]: Particles Spawning: 2.843901
[16:18:43] [render.h:188] [TRACE]: Particles Spawning: 1.953805
[16:18:43] [render.h:188] [TRACE]: Particles Spawning: 2.725867
[16:18:43] [render.h:188] [TRACE]: Particles Spawning: 1.984875
[16:18:43] [render.h:188] [TRACE]: Particles Spawning: 2.472933
[16:18:43] [render.h:188] [TRACE]: Particles Spawning: 3.770179
[16:18:43] [render.h:188] [TRACE]: Particles Spawning: 1.200171
[16:18:43] [render.h:188] [TRACE]: Particles Spawning: 2.350883
[16:18:43] [render.h:188] [TRACE]: Particles Spawning: 3.135044
[16:18:43] [render.h:188] [TRACE]: Particles Spawning: 2.597334
[16:18:43] [render.h:188] [TRACE]: Particles Spawning: 2.199692
[16:18:43] [render.h:188] [TRACE]: Particles Spawning: 2.503217
[16:18:43] [render.h:188] [TRACE]: Particles Spawning: 3.244080
[16:18:43] [render.h:188] [TRACE]: Particles Spawning: 2.136624
[16:18:43] [render.h:188] [TRACE]: Particles Spawning: 2.321171
[16:18:43] [render.h:188] [TRACE]: Particles Spawning: 2.188818
[16:18:43] [render.h:188] [TRACE]: Particles Spawning: 3.539117
[16:18:43] [render.h:188] [TRACE]: Particles Spawning: 1.741251
[16:18:43] [render.h:188] [TRACE]: Particles Spawning: 3.264772
[16:18:43] [render.h:188] [TRACE]: Particles Spawning: 2.631684
[16:18:43] [render.h:188] [TRACE]: Particles Spawning: 2.221289
[16:18:43] [render.h:188] [TRACE]: Particles Spawning: 1.558305
[16:18:43] [render.h:188] [TRACE]: Particles Spawning: 3.213840
[16:18:43] [render.h:188] [TRACE]: Particles Spawning: 3.113603
[16:18:43] [render.h:188] [TRACE]: Particles Spawning: 1.381205
[16:18:43] [render.h:188] [TRACE]: Particles Spawning: 2.850868
[16:18:43] [render.h:188] [TRACE]: Particles Spawning: 2.233646
[16:18:43] [render.h:188] [TRACE]: Particles Spawning: 1.855038
[16:18:43] [render.h:188] [TRACE]: Particles Spawning: 2.526099
[16:18:43] [render.h:188] [TRACE]: Particles Spawning: 2.446150
[16:18:43] [render.h:188] [TRACE]: Particles Spawning: 3.001125
[16:18:43] [render.h:188] [TRACE]: Particles Spawning: 2.601763
[16:18:43] [render.h:188] [TRACE]: Particles Spawning: 2.049418
[16:18:43] [render.h:188] [TRACE]: Particles Spawning: 3.530185
[16:18:43] [render.h:188] [TRACE]: Particles Spawning: 2.158257
[16:18:43] [render.h:188] [TRACE]: Particles Spawning: 3.692493
[16:18:43] [render.h:188] [TRACE]: Particles Spawning: 1.171555
[16:18:43] [render.h:188] [TRACE]: Particles Spawning: 2.447790
[16:18:43] [render.h:188] [TRACE]: Particles Spawning: 2.297723
[16:18:43] [render.h:188] [TRACE]: Particles Spawning: 2.428154
[16:18:43] [render.h:188] [TRACE]: Particles Spawning: 2.590353
[16:18:43] [render.h:188] [TRACE]: Particles Spawning: 2.474794
[16:18:43] [render.h:188] [TRACE]: Particles Spawning: 3.231705
[16:18:43] [render.h:188] [TRACE]: Particles Spawning: 2.166122
[16:18:43] [render.h:188] [TRACE]: Particles Spawning: 1.942800
[16:18:43] [render.h:188] [TRACE]: Particles Spawning: 2.491953
[16:18:43] [render.h:188] [TRACE]: Particles Spawning: 2.580150
[16:18:43] [render.h:188] [TRACE]: Particles Spawning: 3.565049
[16:18:43] [render.h:188] [TRACE]: Particles Spawning: 4.058750
[16:18:43] [render.h:188] [TRACE]: Particles Spawning: 0.858364
[16:18:43] [render.h:188] [TRACE]: Particles Spawning: 5.402172
[16:18:44] [render.h:188] [TRACE]: Particles Spawning: 0.929834
[16:18:44] [render.h:188] [TRACE]: Particles Spawning: 1.747381
[16:18:44] [render.h:188] [TRACE]: Particles Spawning: 1.596468
[16:18:44] [render.h:188] [TRACE]: Particles Spawning: 1.802445
[16:18:44] [render.h:188] [TRACE]: Particles Spawning: 3.531195
[16:18:44] [render.h:188] [TRACE]: Particles Spawning: 1.363873
[16:18:44] [render.h:188] [TRACE]: Particles Spawning: 2.566178
[16:18:44] [render.h:188] [TRACE]: Particles Spawning: 3.343181
[16:18:44] [render.h:188] [TRACE]: Particles Spawning: 2.846054
[16:18:44] [render.h:188] [TRACE]: Particles Spawning: 2.597567
[16:18:44] [render.h:188] [TRACE]: Particles Spawning: 1.137327
[16:18:44] [render.h:188] [TRACE]: Particles Spawning: 2.727741
[16:18:44] [render.h:188] [TRACE]: Particles Spawning: 2.597213
[16:18:44] [render.h:188] [TRACE]: Particles Spawning: 2.072539
[16:18:44] [render.h:188] [TRACE]: Particles Spawning: 2.723037
[16:18:44] [render.h:188] [TRACE]: Particles Spawning: 3.074651
[16:18:44] [render.h:188] [TRACE]: Particles Spawning: 2.062555
[16:18:44] [render.h:188] [TRACE]: Particles Spawning: 2.178862
[16:18:44] [render.h:188] [TRACE]: Particles Spawning: 2.430548
[16:18:44] [render.h:188] [TRACE]: Particles Spawning: 2.506896
[16:18:44] [render.h:188] [TRACE]: Particles Spawning: 3.246296
[16:18:44] [render.h:188] [TRACE]: Particles Spawning: 2.171988
[16:18:44] [render.h:188] [TRACE]: Particles Spawning: 2.974209
[16:18:44] [render.h:188] [TRACE]: Particles Spawning: 2.766718
[16:18:44] [render.h:188] [TRACE]: Particles Spawning: 1.840143
[16:18:44] [render.h:188] [TRACE]: Particles Spawning: 2.337683
[16:18:44] [render.h:188] [TRACE]: Particles Spawning: 2.822726
[16:18:44] [render.h:188] [TRACE]: Particles Spawning: 2.398380
[16:18:44] [render.h:188] [TRACE]: Particles Spawning: 3.133528
[16:18:44] [render.h:188] [TRACE]: Particles Spawning: 1.382564
[16:18:44] [render.h:188] [TRACE]: Particles Spawning: 3.072666
[16:18:44] [render.h:188] [TRACE]: Particles Spawning: 2.185315
[16:18:44] [render.h:188] [TRACE]: Particles Spawning: 3.085962
[16:18:44] [render.h:188] [TRACE]: Particles Spawning: 2.756283
[16:18:44] [render.h:188] [TRACE]: Particles Spawning: 2.535673
[16:18:44] [render.h:188] [TRACE]: Particles Spawning: 1.421360
[16:18:44] [render.h:188] [TRACE]: Particles Spawning: 2.657014
[16:18:44] [render.h:188] [TRACE]: Particles Spawning: 2.286214
[16:18:44] [render.h:188] [TRACE]: Particles Spawning: 2.971739
[16:18:44] [render.h:188] [TRACE]: Particles Spawning: 2.058804
[16:18:44] [render.h:188] [TRACE]: Particles Spawning: 2.629606
[16:18:44] [render.h:188] [TRACE]: Particles Spawning: 2.242136
[16:18:44] [render.h:188] [TRACE]: Particles Spawning: 2.547471
[16:18:44] [render.h:188] [TRACE]: Particles Spawning: 2.865663
[16:18:44] [render.h:188] [TRACE]: Particles Spawning: 2.068172
[16:18:44] [render.h:188] [TRACE]: Particles Spawning: 3.179488
[16:18:44] [render.h:188] [TRACE]: Particles Spawning: 2.017741
[16:18:44] [render.h:188] [TRACE]: Particles Spawning: 3.034182
[16:18:44] [render.h:188] [TRACE]: Particles Spawning: 3.677277
[16:18:44] [render.h:188] [TRACE]: Particles Spawning: 1.669004
[16:18:44] [render.h:188] [TRACE]: Particles Spawning: 2.866244
[16:18:44] [render.h:188] [TRACE]: Particles Spawning: 1.392462
[16:18:44] [render.h:188] [TRACE]: Particles Spawning: 2.569217
[16:18:44] [render.h:188] [TRACE]: Particles Spawning: 2.290894
[16:18:44] [render.h:188] [TRACE]: Particles Spawning: 3.067998
[16:18:44] [render.h:188] [TRACE]: Particles Spawning: 2.398637
[16:18:44] [render.h:188] [TRACE]: Particles Spawning: 2.296311
[16:18:44] [render.h:188] [TRACE]: Particles Spawning: 3.198581
[16:18:44] [render.h:188] [TRACE]: Particles Spawning: 3.655552
[16:18:44] [render.h:188] [TRACE]: Particles Spawning: 1.581786
[16:18:45] [render.h:188] [TRACE]: Particles Spawning: 2.336893
[16:18:45] [render.h:188] [TRACE]: Particles Spawning: 1.540672
[16:18:45] [render.h:188] [TRACE]: Particles Spawning: 2.707964
[16:18:45] [render.h:188] [TRACE]: Particles Spawning: 2.338672
[16:18:45] [render.h:188] [TRACE]: Particles Spawning: 2.502804
[16:18:45] [render.h:188] [TRACE]: Particles Spawning: 2.400218
[16:18:45] [render.h:188] [TRACE]: Particles Spawning: 2.560652
[16:18:45] [render.h:188] [TRACE]: Particles Spawning: 2.797883
[16:18:45] [render.h:188] [TRACE]: Particles Spawning: 2.924833
[16:18:45] [render.h:188] [TRACE]: Particles Spawning: 2.268331
[16:18:45] [render.h:188] [TRACE]: Particles Spawning: 2.858263
[16:18:45] [render.h:188] [TRACE]: Particles Spawning: 1.971578
[16:18:45] [render.h:188] [TRACE]: Particles Spawning: 2.766270
[16:18:45] [render.h:188] [TRACE]: Particles Spawning: 1.967621
[16:18:45] [render.h:188] [TRACE]: Particles Spawning: 2.782272
[16:18:45] [render.h:188] [TRACE]: Particles Spawning: 3.734157
[16:18:45] [render.h:188] [TRACE]: Particles Spawning: 0.923756
[16:18:45] [render.h:188] [TRACE]: Particles Spawning: 2.383709
[16:18:45] [render.h:188] [TRACE]: Particles Spawning: 2.851699
[16:18:45] [render.h:188] [TRACE]: Particles Spawning: 2.176891
[16:18:45] [render.h:188] [TRACE]: Particles Spawning: 2.446151
[16:18:45] [render.h:188] [TRACE]: Particles Spawning: 2.927152
[16:18:45] [render.h:188] [TRACE]: Particles Spawning: 2.191655
[16:18:45] [render.h:188] [TRACE]: Particles Spawning: 2.676853
[16:18:45] [render.h:188] [TRACE]: Particles Spawning: 3.426925
[16:18:45] [render.h:188] [TRACE]: Particles Spawning: 2.609746
[16:18:45] [render.h:188] [TRACE]: Particles Spawning: 2.119505
[16:18:45] [render.h:188] [TRACE]: Particles Spawning: 1.757265
[16:18:45] [render.h:188] [TRACE]: Particles Spawning: 4.871230
[16:18:45] [render.h:188] [TRACE]: Particles Spawning: 0.809791
[16:18:45] [render.h:188] [TRACE]: Particles Spawning: 1.741753
[16:18:45] [render.h:188] [TRACE]: Particles Spawning: 2.380974
[16:18:45] [render.h:188] [TRACE]: Particles Spawning: 3.015619
[16:18:45] [render.h:188] [TRACE]: Particles Spawning: 1.939215
[16:18:45] [render.h:188] [TRACE]: Particles Spawning: 2.973113
[16:18:45] [render.h:188] [TRACE]: Particles Spawning: 3.965521
[16:18:45] [render.h:188] [TRACE]: Particles Spawning: 1.082622
[16:18:45] [render.h:188] [TRACE]: Particles Spawning: 5.987887
[16:18:45] [render.h:188] [TRACE]: Particles Spawning: 3.005233
[16:18:45] [render.h:188] [TRACE]: Particles Spawning: 3.683990
[16:18:45] [render.h:188] [TRACE]: Particles Spawning: 0.752214
[16:18:45] [render.h:188] [TRACE]: Particles Spawning: 2.234113
[16:18:45] [render.h:188] [TRACE]: Particles Spawning: 1.845807
[16:18:45] [render.h:188] [TRACE]: Particles Spawning: 1.088002
[16:18:45] [render.h:188] [TRACE]: Particles Spawning: 1.862431
[16:18:45] [render.h:188] [TRACE]: Particles Spawning: 2.747549
[16:18:45] [render.h:188] [TRACE]: Particles Spawning: 1.943557
[16:18:45] [render.h:188] [TRACE]: Particles Spawning: 2.814837
[16:18:45] [render.h:188] [TRACE]: Particles Spawning: 1.967508
[16:18:45] [render.h:188] [TRACE]: Particles Spawning: 4.142120
[16:18:45] [render.h:188] [TRACE]: Particles Spawning: 1.306839
[16:18:45] [render.h:188] [TRACE]: Particles Spawning: 3.695431
[16:18:45] [render.h:188] [TRACE]: Particles Spawning: 3.476679
[16:18:45] [render.h:188] [TRACE]: Particles Spawning: 0.872685
[16:18:45] [render.h:188] [TRACE]: Particles Spawning: 1.746250
[16:18:45] [render.h:188] [TRACE]: Particles Spawning: 2.696351
[16:18:45] [render.h:188] [TRACE]: Particles Spawning: 2.509327
[16:18:45] [render.h:188] [TRACE]: Particles Spawning: 3.406125
[16:18:45] [render.h:188] [TRACE]: Particles Spawning: 2.107360
[16:18:45] [render.h:188] [TRACE]: Particles Spawning: 2.831204
[16:18:46] [render.h:188] [TRACE]: Particles Spawning: 1.909405
[16:18:46] [render.h:188] [TRACE]: Particles Spawning: 4.950465
[16:18:46] [render.h:188] [TRACE]: Particles Spawning: 2.780926
[16:18:46] [render.h:188] [TRACE]: Particles Spawning: 2.010892
[16:18:46] [render.h:188] [TRACE]: Particles Spawning: 1.179981
[16:18:46] [render.h:188] [TRACE]: Particles Spawning: 2.540419
[16:18:46] [render.h:188] [TRACE]: Particles Spawning: 1.884365
[16:18:46] [render.h:188] [TRACE]: Particles Spawning: 2.026094
[16:18:46] [render.h:188] [TRACE]: Particles Spawning: 2.432685
[16:18:46] [render.h:188] [TRACE]: Particles Spawning: 2.777777
[16:18:46] [render.h:188] [TRACE]: Particles Spawning: 1.717313
[16:18:46] [render.h:188] [TRACE]: Particles Spawning: 2.410003
[16:18:46] [render.h:188] [TRACE]: Particles Spawning: 2.375550
[16:18:46] [render.h:188] [TRACE]: Particles Spawning: 3.386653
[16:18:46] [render.h:188] [TRACE]: Particles Spawning: 2.560559
[16:18:46] [render.h:188] [TRACE]: Particles Spawning: 1.803703
[16:18:46] [render.h:188] [TRACE]: Particles Spawning: 2.443365
[16:18:46] [render.h:188] [TRACE]: Particles Spawning: 2.424086
[16:18:46] [render.h:188] [TRACE]: Particles Spawning: 2.105837
