\BOOKMARK [0][-]{chapter.1}{\376\377\000I\000n\000t\000r\000o\000d\000u\000c\000t\000i\000o\000n}{}% 1
\BOOKMARK [1][-]{section.1.1}{\376\377\000D\000e\000s\000c\000r\000i\000p\000t\000i\000o\000n}{chapter.1}% 2
\BOOKMARK [2][-]{subsection.1.1.1}{\376\377\000E\000x\000t\000r\000a\000\040\000F\000e\000a\000t\000u\000r\000e\000s}{section.1.1}% 3
\BOOKMARK [2][-]{subsection.1.1.2}{\376\377\000M\000i\000s\000s\000i\000n\000g\000\040\000F\000e\000a\000t\000u\000r\000e\000s}{section.1.1}% 4
\BOOKMARK [1][-]{section.1.2}{\376\377\000B\000u\000i\000l\000d\000i\000n\000g}{chapter.1}% 5
\BOOKMARK [2][-]{subsection.1.2.1}{\376\377\000C\000a\000v\000e\000a\000t\000s}{section.1.2}% 6
\BOOKMARK [2][-]{subsection.1.2.2}{\376\377\000B\000u\000i\000l\000d\000\040\000C\000o\000m\000m\000a\000n\000d\000s}{section.1.2}% 7
\BOOKMARK [1][-]{section.1.3}{\376\377\000U\000s\000a\000g\000e}{chapter.1}% 8
\BOOKMARK [0][-]{chapter.2}{\376\377\000P\000e\000r\000f\000o\000r\000m\000a\000n\000c\000e\000\040\000M\000o\000d\000e}{}% 9
\BOOKMARK [1][-]{section.2.1}{\376\377\000D\000e\000s\000i\000g\000n}{chapter.2}% 10
\BOOKMARK [1][-]{section.2.2}{\376\377\000R\000e\000n\000d\000e\000r\000e\000r}{chapter.2}% 11
\BOOKMARK [2][-]{subsection.2.2.1}{\376\377\000R\000e\000n\000d\000e\000r\000i\000n\000g\000\040\000P\000i\000p\000e\000l\000i\000n\000e}{section.2.2}% 12
\BOOKMARK [1][-]{section.2.3}{\376\377\000C\000o\000m\000p\000u\000t\000e\000\040\000S\000h\000a\000d\000e\000r}{chapter.2}% 13
\BOOKMARK [1][-]{section.2.4}{\376\377\000U\000s\000a\000g\000e}{chapter.2}% 14
\BOOKMARK [2][-]{subsection.2.4.1}{\376\377\000B\000u\000i\000l\000d\000i\000n\000g}{section.2.4}% 15
\BOOKMARK [2][-]{subsection.2.4.2}{\376\377\000R\000u\000n\000n\000i\000n\000g}{section.2.4}% 16
\BOOKMARK [1][-]{section.2.5}{\376\377\000F\000u\000t\000u\000r\000e\000\040\000P\000l\000a\000n\000s}{chapter.2}% 17
\BOOKMARK [2][-]{subsection.2.5.1}{\376\377\000L\000i\000s\000t\000s}{section.2.5}% 18
\BOOKMARK [2][-]{subsection.2.5.2}{\376\377\000B\000i\000t\000o\000n\000i\000c\000\040\000S\000o\000r\000t}{section.2.5}% 19
\BOOKMARK [2][-]{subsection.2.5.3}{\376\377\000T\000i\000l\000i\000n\000g}{section.2.5}% 20
\BOOKMARK [2][-]{subsection.2.5.4}{\376\377\000O\000c\000c\000l\000u\000s\000i\000o\000n\000\040\000Q\000u\000e\000r\000i\000e\000s}{section.2.5}% 21
\BOOKMARK [1][-]{section.2.6}{\376\377\000F\000i\000g\000u\000r\000e\000s}{chapter.2}% 22
